<?xml version="1.0" encoding="UTF-8"?>
<!-- Generated by org.testng.reporters.JUnitXMLReporter -->
<testsuite ignored="0" hostname="LTIN233583" failures="0" tests="9" name="Master" time="137.169" errors="0" timestamp="2024-02-02T11:01:51 IST">
  <testcase classname="testCases.TC001_Location" name="locationCountry" time="10.763"/>
  <testcase classname="testCases.TC001_Location" name="locationCity" time="11.036"/>
  <testcase classname="testCases.TC002_SearchandFind" name="searchCarWash" time="13.937"/>
  <testcase classname="testCases.TC002_SearchandFind" name="carWashDetails" time="24.765"/>
  <testcase classname="testCases.TC002_SearchandFind" name="shareDetails" time="37.495"/>
  <testcase classname="testCases.TC003_FreeListing" name="clickfreelisting" time="6.387"/>
  <testcase classname="testCases.TC003_FreeListing" name="freeListingLogin" time="7.087"/>
  <testcase classname="testCases.TC004_GymCategory" name="clickGym" time="1.461"/>
  <testcase classname="testCases.TC004_GymCategory" name="displayCategories" time="6.295"/>
</testsuite> <!-- Master -->
