<?xml version="1.0" encoding="UTF-8"?>
<!-- Generated by org.testng.reporters.JUnitXMLReporter -->
<testsuite ignored="0" hostname="LTIN200789" failures="0" tests="9" name="test2" time="149.221" errors="0" timestamp="2024-02-14T10:43:17 IST">
  <testcase classname="testCases.TC001_Location" name="locationCountry" time="14.912"/>
  <testcase classname="testCases.TC001_Location" name="locationCity" time="17.884"/>
  <testcase classname="testCases.TC002_SearchandFind" name="searchCarWash" time="18.776"/>
  <testcase classname="testCases.TC002_SearchandFind" name="carWashDetails" time="17.872"/>
  <testcase classname="testCases.TC002_SearchandFind" name="shareDetails" time="45.299"/>
  <testcase classname="testCases.TC003_FreeListing" name="clickfreelisting" time="2.677"/>
  <testcase classname="testCases.TC003_FreeListing" name="freeListingLogin" time="6.601"/>
  <testcase classname="testCases.TC004_GymCategory" name="clickGym" time="1.899"/>
  <testcase classname="testCases.TC004_GymCategory" name="displayCategories" time="5.199"/>
</testsuite> <!-- test2 -->
