<?xml version="1.0" encoding="UTF-8"?>
<!-- Generated by org.testng.reporters.JUnitXMLReporter -->
<testsuite ignored="0" hostname="LTIN200789" failures="0" tests="9" name="test1" time="156.833" errors="0" timestamp="2024-02-14T10:40:47 IST">
  <testcase classname="testCases.TC001_Location" name="locationCountry" time="25.321"/>
  <testcase classname="testCases.TC001_Location" name="locationCity" time="17.304"/>
  <testcase classname="testCases.TC002_SearchandFind" name="searchCarWash" time="18.435"/>
  <testcase classname="testCases.TC002_SearchandFind" name="carWashDetails" time="19.9"/>
  <testcase classname="testCases.TC002_SearchandFind" name="shareDetails" time="43.526"/>
  <testcase classname="testCases.TC003_FreeListing" name="clickfreelisting" time="2.076"/>
  <testcase classname="testCases.TC003_FreeListing" name="freeListingLogin" time="6.016"/>
  <testcase classname="testCases.TC004_GymCategory" name="clickGym" time="1.605"/>
  <testcase classname="testCases.TC004_GymCategory" name="displayCategories" time="5.239"/>
</testsuite> <!-- test1 -->
