<?xml version="1.0" encoding="UTF-8"?>
<!-- Generated by org.testng.reporters.JUnitXMLReporter -->
<testsuite ignored="0" hostname="LTIN200789" failures="0" tests="9" name="test2" time="215.584" errors="0" timestamp="2024-02-07T10:45:41 IST">
  <testcase classname="testCases.TC001_Location" name="locationCountry" time="73.242"/>
  <testcase classname="testCases.TC001_Location" name="locationCity" time="18.911"/>
  <testcase classname="testCases.TC002_SearchandFind" name="searchCarWash" time="20.265"/>
  <testcase classname="testCases.TC002_SearchandFind" name="carWashDetails" time="25.533"/>
  <testcase classname="testCases.TC002_SearchandFind" name="shareDetails" time="37.065"/>
  <testcase classname="testCases.TC003_FreeListing" name="clickfreelisting" time="3.028"/>
  <testcase classname="testCases.TC003_FreeListing" name="freeListingLogin" time="6.475"/>
  <testcase classname="testCases.TC004_GymCategory" name="clickGym" time="2.222"/>
  <testcase classname="testCases.TC004_GymCategory" name="displayCategories" time="6.408"/>
</testsuite> <!-- test2 -->
