<?xml version="1.0" encoding="UTF-8"?>
<!-- Generated by org.testng.reporters.JUnitXMLReporter -->
<testsuite ignored="0" hostname="LTIN200789" failures="0" tests="9" name="test" time="176.6" errors="0" timestamp="2024-02-09T12:27:29 IST">
  <testcase classname="testCases.TC001_Location" name="locationCountry" time="9.457"/>
  <testcase classname="testCases.TC001_Location" name="locationCity" time="9.872"/>
  <testcase classname="testCases.TC002_SearchandFind" name="searchCarWash" time="12.014"/>
  <testcase classname="testCases.TC002_SearchandFind" name="carWashDetails" time="20.913"/>
  <testcase classname="testCases.TC002_SearchandFind" name="shareDetails" time="47.827"/>
  <testcase classname="testCases.TC003_FreeListing" name="clickfreelisting" time="3.466"/>
  <testcase classname="testCases.TC003_FreeListing" name="freeListingLogin" time="6.106"/>
  <testcase classname="testCases.TC004_GymCategory" name="clickGym" time="1.501"/>
  <testcase classname="testCases.TC004_GymCategory" name="displayCategories" time="6.695"/>
</testsuite> <!-- test -->
