<?xml version="1.0" encoding="UTF-8"?>
<!-- Generated by org.testng.reporters.JUnitXMLReporter -->
<testsuite ignored="0" hostname="LTIN200789" failures="0" tests="9" name="test" time="317.235" errors="0" timestamp="2024-02-06T15:51:10 IST">
  <testcase classname="testCases.TC001_Location" name="locationCountry" time="16.56"/>
  <testcase classname="testCases.TC001_Location" name="locationCity" time="44.107"/>
  <testcase classname="testCases.TC002_SearchandFind" name="searchCarWash" time="45.376"/>
  <testcase classname="testCases.TC002_SearchandFind" name="carWashDetails" time="45.151"/>
  <testcase classname="testCases.TC002_SearchandFind" name="shareDetails" time="72.213"/>
  <testcase classname="testCases.TC003_FreeListing" name="clickfreelisting" time="3.399"/>
  <testcase classname="testCases.TC003_FreeListing" name="freeListingLogin" time="6.026"/>
  <testcase classname="testCases.TC004_GymCategory" name="clickGym" time="2.765"/>
  <testcase classname="testCases.TC004_GymCategory" name="displayCategories" time="9.272"/>
</testsuite> <!-- test -->
