<?xml version="1.0" encoding="UTF-8"?>
<!-- Generated by org.testng.reporters.JUnitXMLReporter -->
<testsuite ignored="0" hostname="LTIN200789" failures="0" tests="9" name="test" time="157.32" errors="0" timestamp="2024-02-15T10:57:35 IST">
  <testcase classname="testCases.TC001_Location" name="locationCountry" time="14.868"/>
  <testcase classname="testCases.TC001_Location" name="locationCity" time="16.587"/>
  <testcase classname="testCases.TC002_SearchandFind" name="searchCarWash" time="19.287"/>
  <testcase classname="testCases.TC002_SearchandFind" name="carWashDetails" time="20.691"/>
  <testcase classname="testCases.TC002_SearchandFind" name="shareDetails" time="44.844"/>
  <testcase classname="testCases.TC003_FreeListing" name="clickfreelisting" time="9.273"/>
  <testcase classname="testCases.TC003_FreeListing" name="freeListingLogin" time="5.267"/>
  <testcase classname="testCases.TC004_GymCategory" name="clickGym" time="1.701"/>
  <testcase classname="testCases.TC004_GymCategory" name="displayCategories" time="5.307"/>
</testsuite> <!-- test -->
