<?xml version="1.0" encoding="UTF-8"?>
<testng-results ignored="0" total="9" passed="9" failed="0" skipped="0">
  <reporter-output>
  </reporter-output>
  <suite started-at="2024-02-15T10:22:52 IST" name="Suite" finished-at="2024-02-15T10:25:56 IST" duration-ms="184174">
    <groups>
      <group name="regression">
        <method signature="TC002_SearchandFind.searchCarWash()[pri:3, instance:testCases.TC004_GymCategory@67d48005]" name="searchCarWash" class="testCases.TC002_SearchandFind"/>
        <method signature="TC002_SearchandFind.carWashDetails()[pri:4, instance:testCases.TC004_GymCategory@67d48005]" name="carWashDetails" class="testCases.TC002_SearchandFind"/>
        <method signature="TC002_SearchandFind.shareDetails()[pri:5, instance:testCases.TC004_GymCategory@67d48005]" name="shareDetails" class="testCases.TC002_SearchandFind"/>
        <method signature="TC003_FreeListing.clickfreelisting()[pri:6, instance:testCases.TC004_GymCategory@67d48005]" name="clickfreelisting" class="testCases.TC003_FreeListing"/>
        <method signature="TC003_FreeListing.freeListingLogin()[pri:7, instance:testCases.TC004_GymCategory@67d48005]" name="freeListingLogin" class="testCases.TC003_FreeListing"/>
        <method signature="TC004_GymCategory.clickGym()[pri:8, instance:testCases.TC004_GymCategory@67d48005]" name="clickGym" class="testCases.TC004_GymCategory"/>
        <method signature="TC004_GymCategory.displayCategories()[pri:9, instance:testCases.TC004_GymCategory@67d48005]" name="displayCategories" class="testCases.TC004_GymCategory"/>
      </group> <!-- regression -->
      <group name="sanity">
        <method signature="TC001_Location.locationCountry()[pri:1, instance:testCases.TC004_GymCategory@67d48005]" name="locationCountry" class="testCases.TC001_Location"/>
        <method signature="TC001_Location.locationCity()[pri:2, instance:testCases.TC004_GymCategory@67d48005]" name="locationCity" class="testCases.TC001_Location"/>
      </group> <!-- sanity -->
      <group name="master">
        <method signature="TC001_Location.locationCountry()[pri:1, instance:testCases.TC004_GymCategory@67d48005]" name="locationCountry" class="testCases.TC001_Location"/>
        <method signature="TC001_Location.locationCity()[pri:2, instance:testCases.TC004_GymCategory@67d48005]" name="locationCity" class="testCases.TC001_Location"/>
        <method signature="TC002_SearchandFind.searchCarWash()[pri:3, instance:testCases.TC004_GymCategory@67d48005]" name="searchCarWash" class="testCases.TC002_SearchandFind"/>
        <method signature="TC002_SearchandFind.carWashDetails()[pri:4, instance:testCases.TC004_GymCategory@67d48005]" name="carWashDetails" class="testCases.TC002_SearchandFind"/>
        <method signature="TC002_SearchandFind.shareDetails()[pri:5, instance:testCases.TC004_GymCategory@67d48005]" name="shareDetails" class="testCases.TC002_SearchandFind"/>
        <method signature="TC003_FreeListing.clickfreelisting()[pri:6, instance:testCases.TC004_GymCategory@67d48005]" name="clickfreelisting" class="testCases.TC003_FreeListing"/>
        <method signature="TC003_FreeListing.freeListingLogin()[pri:7, instance:testCases.TC004_GymCategory@67d48005]" name="freeListingLogin" class="testCases.TC003_FreeListing"/>
        <method signature="TC004_GymCategory.clickGym()[pri:8, instance:testCases.TC004_GymCategory@67d48005]" name="clickGym" class="testCases.TC004_GymCategory"/>
        <method signature="TC004_GymCategory.displayCategories()[pri:9, instance:testCases.TC004_GymCategory@67d48005]" name="displayCategories" class="testCases.TC004_GymCategory"/>
      </group> <!-- master -->
    </groups>
    <test started-at="2024-02-15T10:22:52 IST" name="test" finished-at="2024-02-15T10:25:56 IST" duration-ms="184174">
      <class name="testCases.TC004_GymCategory">
        <test-method is-config="true" signature="setup(java.lang.String,java.lang.String)[pri:0, instance:testCases.TC004_GymCategory@67d48005]" started-at="2024-02-15T10:22:54 IST" name="setup" finished-at="2024-02-15T10:23:13 IST" duration-ms="19584" status="PASS">
          <params>
            <param index="0">
              <value>
                <![CDATA[windows]]>
              </value>
            </param>
            <param index="1">
              <value>
                <![CDATA[chrome]]>
              </value>
            </param>
          </params>
          <reporter-output>
          </reporter-output>
        </test-method> <!-- setup -->
        <test-method signature="locationCountry()[pri:1, instance:testCases.TC004_GymCategory@67d48005]" started-at="2024-02-15T10:23:13 IST" name="locationCountry" finished-at="2024-02-15T10:23:30 IST" duration-ms="16610" status="PASS">
          <reporter-output>
          </reporter-output>
        </test-method> <!-- locationCountry -->
        <test-method signature="locationCity()[pri:2, instance:testCases.TC004_GymCategory@67d48005]" started-at="2024-02-15T10:23:32 IST" name="locationCity" finished-at="2024-02-15T10:23:49 IST" duration-ms="17550" status="PASS">
          <reporter-output>
          </reporter-output>
        </test-method> <!-- locationCity -->
        <test-method signature="searchCarWash()[pri:3, instance:testCases.TC004_GymCategory@67d48005]" started-at="2024-02-15T10:23:50 IST" name="searchCarWash" finished-at="2024-02-15T10:24:12 IST" duration-ms="21577" status="PASS">
          <reporter-output>
          </reporter-output>
        </test-method> <!-- searchCarWash -->
        <test-method signature="carWashDetails()[pri:4, instance:testCases.TC004_GymCategory@67d48005]" started-at="2024-02-15T10:24:12 IST" name="carWashDetails" finished-at="2024-02-15T10:24:36 IST" duration-ms="23126" status="PASS">
          <reporter-output>
          </reporter-output>
        </test-method> <!-- carWashDetails -->
        <test-method signature="shareDetails()[pri:5, instance:testCases.TC004_GymCategory@67d48005]" started-at="2024-02-15T10:24:36 IST" name="shareDetails" finished-at="2024-02-15T10:25:32 IST" duration-ms="55721" status="PASS">
          <reporter-output>
          </reporter-output>
        </test-method> <!-- shareDetails -->
        <test-method signature="clickfreelisting()[pri:6, instance:testCases.TC004_GymCategory@67d48005]" started-at="2024-02-15T10:25:33 IST" name="clickfreelisting" finished-at="2024-02-15T10:25:39 IST" duration-ms="5473" status="PASS">
          <reporter-output>
          </reporter-output>
        </test-method> <!-- clickfreelisting -->
        <test-method signature="freeListingLogin()[pri:7, instance:testCases.TC004_GymCategory@67d48005]" started-at="2024-02-15T10:25:39 IST" name="freeListingLogin" finished-at="2024-02-15T10:25:46 IST" duration-ms="6763" status="PASS">
          <reporter-output>
          </reporter-output>
        </test-method> <!-- freeListingLogin -->
        <test-method signature="clickGym()[pri:8, instance:testCases.TC004_GymCategory@67d48005]" started-at="2024-02-15T10:25:46 IST" name="clickGym" finished-at="2024-02-15T10:25:48 IST" duration-ms="2094" status="PASS">
          <reporter-output>
          </reporter-output>
        </test-method> <!-- clickGym -->
        <test-method signature="displayCategories()[pri:9, instance:testCases.TC004_GymCategory@67d48005]" started-at="2024-02-15T10:25:48 IST" name="displayCategories" finished-at="2024-02-15T10:25:55 IST" duration-ms="6312" status="PASS">
          <reporter-output>
          </reporter-output>
        </test-method> <!-- displayCategories -->
        <test-method is-config="true" signature="tearDown()[pri:0, instance:testCases.TC004_GymCategory@67d48005]" started-at="2024-02-15T10:25:55 IST" name="tearDown" finished-at="2024-02-15T10:25:56 IST" duration-ms="1393" status="PASS">
          <reporter-output>
          </reporter-output>
        </test-method> <!-- tearDown -->
      </class> <!-- testCases.TC004_GymCategory -->
    </test> <!-- test -->
  </suite> <!-- Suite -->
</testng-results>
