<?xml version="1.0" encoding="UTF-8"?>
<testng-results ignored="0" total="9" passed="9" failed="0" skipped="0">
  <reporter-output>
  </reporter-output>
  <suite started-at="2024-02-06T15:45:51 IST" name="Suite" finished-at="2024-02-06T15:51:08 IST" duration-ms="317235">
    <groups>
      <group name="regression">
        <method signature="TC002_SearchandFind.searchCarWash()[pri:3, instance:testCases.TC004_GymCategory@67d48005]" name="searchCarWash" class="testCases.TC002_SearchandFind"/>
        <method signature="TC002_SearchandFind.carWashDetails()[pri:4, instance:testCases.TC004_GymCategory@67d48005]" name="carWashDetails" class="testCases.TC002_SearchandFind"/>
        <method signature="TC002_SearchandFind.shareDetails()[pri:5, instance:testCases.TC004_GymCategory@67d48005]" name="shareDetails" class="testCases.TC002_SearchandFind"/>
        <method signature="TC003_FreeListing.clickfreelisting()[pri:6, instance:testCases.TC004_GymCategory@67d48005]" name="clickfreelisting" class="testCases.TC003_FreeListing"/>
        <method signature="TC003_FreeListing.freeListingLogin()[pri:7, instance:testCases.TC004_GymCategory@67d48005]" name="freeListingLogin" class="testCases.TC003_FreeListing"/>
        <method signature="TC004_GymCategory.clickGym()[pri:8, instance:testCases.TC004_GymCategory@67d48005]" name="clickGym" class="testCases.TC004_GymCategory"/>
        <method signature="TC004_GymCategory.displayCategories()[pri:9, instance:testCases.TC004_GymCategory@67d48005]" name="displayCategories" class="testCases.TC004_GymCategory"/>
      </group> <!-- regression -->
      <group name="sanity">
        <method signature="TC001_Location.locationCountry()[pri:1, instance:testCases.TC004_GymCategory@67d48005]" name="locationCountry" class="testCases.TC001_Location"/>
        <method signature="TC001_Location.locationCity()[pri:2, instance:testCases.TC004_GymCategory@67d48005]" name="locationCity" class="testCases.TC001_Location"/>
      </group> <!-- sanity -->
      <group name="master">
        <method signature="TC001_Location.locationCountry()[pri:1, instance:testCases.TC004_GymCategory@67d48005]" name="locationCountry" class="testCases.TC001_Location"/>
        <method signature="TC001_Location.locationCity()[pri:2, instance:testCases.TC004_GymCategory@67d48005]" name="locationCity" class="testCases.TC001_Location"/>
        <method signature="TC002_SearchandFind.searchCarWash()[pri:3, instance:testCases.TC004_GymCategory@67d48005]" name="searchCarWash" class="testCases.TC002_SearchandFind"/>
        <method signature="TC002_SearchandFind.carWashDetails()[pri:4, instance:testCases.TC004_GymCategory@67d48005]" name="carWashDetails" class="testCases.TC002_SearchandFind"/>
        <method signature="TC002_SearchandFind.shareDetails()[pri:5, instance:testCases.TC004_GymCategory@67d48005]" name="shareDetails" class="testCases.TC002_SearchandFind"/>
        <method signature="TC003_FreeListing.clickfreelisting()[pri:6, instance:testCases.TC004_GymCategory@67d48005]" name="clickfreelisting" class="testCases.TC003_FreeListing"/>
        <method signature="TC003_FreeListing.freeListingLogin()[pri:7, instance:testCases.TC004_GymCategory@67d48005]" name="freeListingLogin" class="testCases.TC003_FreeListing"/>
        <method signature="TC004_GymCategory.clickGym()[pri:8, instance:testCases.TC004_GymCategory@67d48005]" name="clickGym" class="testCases.TC004_GymCategory"/>
        <method signature="TC004_GymCategory.displayCategories()[pri:9, instance:testCases.TC004_GymCategory@67d48005]" name="displayCategories" class="testCases.TC004_GymCategory"/>
      </group> <!-- master -->
    </groups>
    <test started-at="2024-02-06T15:45:51 IST" name="test" finished-at="2024-02-06T15:51:08 IST" duration-ms="317235">
      <class name="testCases.TC004_GymCategory">
        <test-method is-config="true" signature="setup(java.lang.String,java.lang.String)[pri:0, instance:testCases.TC004_GymCategory@67d48005]" started-at="2024-02-06T15:45:52 IST" name="setup" finished-at="2024-02-06T15:46:54 IST" duration-ms="62729" status="PASS">
          <params>
            <param index="0">
              <value>
                <![CDATA[windows]]>
              </value>
            </param>
            <param index="1">
              <value>
                <![CDATA[chrome]]>
              </value>
            </param>
          </params>
          <reporter-output>
          </reporter-output>
        </test-method> <!-- setup -->
        <test-method signature="locationCountry()[pri:1, instance:testCases.TC004_GymCategory@67d48005]" started-at="2024-02-06T15:46:54 IST" name="locationCountry" finished-at="2024-02-06T15:47:11 IST" duration-ms="16560" status="PASS">
          <reporter-output>
          </reporter-output>
        </test-method> <!-- locationCountry -->
        <test-method signature="locationCity()[pri:2, instance:testCases.TC004_GymCategory@67d48005]" started-at="2024-02-06T15:47:13 IST" name="locationCity" finished-at="2024-02-06T15:47:57 IST" duration-ms="44107" status="PASS">
          <reporter-output>
          </reporter-output>
        </test-method> <!-- locationCity -->
        <test-method signature="searchCarWash()[pri:3, instance:testCases.TC004_GymCategory@67d48005]" started-at="2024-02-06T15:47:59 IST" name="searchCarWash" finished-at="2024-02-06T15:48:44 IST" duration-ms="45376" status="PASS">
          <reporter-output>
          </reporter-output>
        </test-method> <!-- searchCarWash -->
        <test-method signature="carWashDetails()[pri:4, instance:testCases.TC004_GymCategory@67d48005]" started-at="2024-02-06T15:48:45 IST" name="carWashDetails" finished-at="2024-02-06T15:49:30 IST" duration-ms="45151" status="PASS">
          <reporter-output>
          </reporter-output>
        </test-method> <!-- carWashDetails -->
        <test-method signature="shareDetails()[pri:5, instance:testCases.TC004_GymCategory@67d48005]" started-at="2024-02-06T15:49:30 IST" name="shareDetails" finished-at="2024-02-06T15:50:42 IST" duration-ms="72213" status="PASS">
          <reporter-output>
          </reporter-output>
        </test-method> <!-- shareDetails -->
        <test-method signature="clickfreelisting()[pri:6, instance:testCases.TC004_GymCategory@67d48005]" started-at="2024-02-06T15:50:44 IST" name="clickfreelisting" finished-at="2024-02-06T15:50:47 IST" duration-ms="3399" status="PASS">
          <reporter-output>
          </reporter-output>
        </test-method> <!-- clickfreelisting -->
        <test-method signature="freeListingLogin()[pri:7, instance:testCases.TC004_GymCategory@67d48005]" started-at="2024-02-06T15:50:47 IST" name="freeListingLogin" finished-at="2024-02-06T15:50:53 IST" duration-ms="6026" status="PASS">
          <reporter-output>
          </reporter-output>
        </test-method> <!-- freeListingLogin -->
        <test-method signature="clickGym()[pri:8, instance:testCases.TC004_GymCategory@67d48005]" started-at="2024-02-06T15:50:53 IST" name="clickGym" finished-at="2024-02-06T15:50:56 IST" duration-ms="2765" status="PASS">
          <reporter-output>
          </reporter-output>
        </test-method> <!-- clickGym -->
        <test-method signature="displayCategories()[pri:9, instance:testCases.TC004_GymCategory@67d48005]" started-at="2024-02-06T15:50:57 IST" name="displayCategories" finished-at="2024-02-06T15:51:06 IST" duration-ms="9272" status="PASS">
          <reporter-output>
          </reporter-output>
        </test-method> <!-- displayCategories -->
        <test-method is-config="true" signature="tearDown()[pri:0, instance:testCases.TC004_GymCategory@67d48005]" started-at="2024-02-06T15:51:06 IST" name="tearDown" finished-at="2024-02-06T15:51:08 IST" duration-ms="1791" status="PASS">
          <reporter-output>
          </reporter-output>
        </test-method> <!-- tearDown -->
      </class> <!-- testCases.TC004_GymCategory -->
    </test> <!-- test -->
  </suite> <!-- Suite -->
</testng-results>
