<?xml version="1.0" encoding="UTF-8"?>
<testng-results ignored="0" total="18" passed="18" failed="0" skipped="0">
  <reporter-output>
  </reporter-output>
  <suite started-at="2024-02-15T10:48:48 IST" name="Suite" finished-at="2024-02-15T10:53:44 IST" duration-ms="295462">
    <groups>
      <group name="regression">
        <method signature="TC002_SearchandFind.searchCarWash()[pri:3, instance:testCases.TC004_GymCategory@776aec5c]" name="searchCarWash" class="testCases.TC002_SearchandFind"/>
        <method signature="TC002_SearchandFind.carWashDetails()[pri:4, instance:testCases.TC004_GymCategory@776aec5c]" name="carWashDetails" class="testCases.TC002_SearchandFind"/>
        <method signature="TC002_SearchandFind.shareDetails()[pri:5, instance:testCases.TC004_GymCategory@776aec5c]" name="shareDetails" class="testCases.TC002_SearchandFind"/>
        <method signature="TC003_FreeListing.clickfreelisting()[pri:6, instance:testCases.TC004_GymCategory@776aec5c]" name="clickfreelisting" class="testCases.TC003_FreeListing"/>
        <method signature="TC003_FreeListing.freeListingLogin()[pri:7, instance:testCases.TC004_GymCategory@776aec5c]" name="freeListingLogin" class="testCases.TC003_FreeListing"/>
        <method signature="TC004_GymCategory.clickGym()[pri:8, instance:testCases.TC004_GymCategory@776aec5c]" name="clickGym" class="testCases.TC004_GymCategory"/>
        <method signature="TC004_GymCategory.displayCategories()[pri:9, instance:testCases.TC004_GymCategory@776aec5c]" name="displayCategories" class="testCases.TC004_GymCategory"/>
        <method signature="TC002_SearchandFind.searchCarWash()[pri:3, instance:testCases.TC004_GymCategory@4d1c00d0]" name="searchCarWash" class="testCases.TC002_SearchandFind"/>
        <method signature="TC002_SearchandFind.carWashDetails()[pri:4, instance:testCases.TC004_GymCategory@4d1c00d0]" name="carWashDetails" class="testCases.TC002_SearchandFind"/>
        <method signature="TC002_SearchandFind.shareDetails()[pri:5, instance:testCases.TC004_GymCategory@4d1c00d0]" name="shareDetails" class="testCases.TC002_SearchandFind"/>
        <method signature="TC003_FreeListing.clickfreelisting()[pri:6, instance:testCases.TC004_GymCategory@4d1c00d0]" name="clickfreelisting" class="testCases.TC003_FreeListing"/>
        <method signature="TC003_FreeListing.freeListingLogin()[pri:7, instance:testCases.TC004_GymCategory@4d1c00d0]" name="freeListingLogin" class="testCases.TC003_FreeListing"/>
        <method signature="TC004_GymCategory.clickGym()[pri:8, instance:testCases.TC004_GymCategory@4d1c00d0]" name="clickGym" class="testCases.TC004_GymCategory"/>
        <method signature="TC004_GymCategory.displayCategories()[pri:9, instance:testCases.TC004_GymCategory@4d1c00d0]" name="displayCategories" class="testCases.TC004_GymCategory"/>
      </group> <!-- regression -->
      <group name="sanity">
        <method signature="TC001_Location.locationCountry()[pri:1, instance:testCases.TC004_GymCategory@776aec5c]" name="locationCountry" class="testCases.TC001_Location"/>
        <method signature="TC001_Location.locationCity()[pri:2, instance:testCases.TC004_GymCategory@776aec5c]" name="locationCity" class="testCases.TC001_Location"/>
        <method signature="TC001_Location.locationCountry()[pri:1, instance:testCases.TC004_GymCategory@4d1c00d0]" name="locationCountry" class="testCases.TC001_Location"/>
        <method signature="TC001_Location.locationCity()[pri:2, instance:testCases.TC004_GymCategory@4d1c00d0]" name="locationCity" class="testCases.TC001_Location"/>
      </group> <!-- sanity -->
      <group name="master">
        <method signature="TC001_Location.locationCountry()[pri:1, instance:testCases.TC004_GymCategory@776aec5c]" name="locationCountry" class="testCases.TC001_Location"/>
        <method signature="TC001_Location.locationCity()[pri:2, instance:testCases.TC004_GymCategory@776aec5c]" name="locationCity" class="testCases.TC001_Location"/>
        <method signature="TC002_SearchandFind.searchCarWash()[pri:3, instance:testCases.TC004_GymCategory@776aec5c]" name="searchCarWash" class="testCases.TC002_SearchandFind"/>
        <method signature="TC002_SearchandFind.carWashDetails()[pri:4, instance:testCases.TC004_GymCategory@776aec5c]" name="carWashDetails" class="testCases.TC002_SearchandFind"/>
        <method signature="TC002_SearchandFind.shareDetails()[pri:5, instance:testCases.TC004_GymCategory@776aec5c]" name="shareDetails" class="testCases.TC002_SearchandFind"/>
        <method signature="TC003_FreeListing.clickfreelisting()[pri:6, instance:testCases.TC004_GymCategory@776aec5c]" name="clickfreelisting" class="testCases.TC003_FreeListing"/>
        <method signature="TC003_FreeListing.freeListingLogin()[pri:7, instance:testCases.TC004_GymCategory@776aec5c]" name="freeListingLogin" class="testCases.TC003_FreeListing"/>
        <method signature="TC004_GymCategory.clickGym()[pri:8, instance:testCases.TC004_GymCategory@776aec5c]" name="clickGym" class="testCases.TC004_GymCategory"/>
        <method signature="TC004_GymCategory.displayCategories()[pri:9, instance:testCases.TC004_GymCategory@776aec5c]" name="displayCategories" class="testCases.TC004_GymCategory"/>
        <method signature="TC001_Location.locationCountry()[pri:1, instance:testCases.TC004_GymCategory@4d1c00d0]" name="locationCountry" class="testCases.TC001_Location"/>
        <method signature="TC001_Location.locationCity()[pri:2, instance:testCases.TC004_GymCategory@4d1c00d0]" name="locationCity" class="testCases.TC001_Location"/>
        <method signature="TC002_SearchandFind.searchCarWash()[pri:3, instance:testCases.TC004_GymCategory@4d1c00d0]" name="searchCarWash" class="testCases.TC002_SearchandFind"/>
        <method signature="TC002_SearchandFind.carWashDetails()[pri:4, instance:testCases.TC004_GymCategory@4d1c00d0]" name="carWashDetails" class="testCases.TC002_SearchandFind"/>
        <method signature="TC002_SearchandFind.shareDetails()[pri:5, instance:testCases.TC004_GymCategory@4d1c00d0]" name="shareDetails" class="testCases.TC002_SearchandFind"/>
        <method signature="TC003_FreeListing.clickfreelisting()[pri:6, instance:testCases.TC004_GymCategory@4d1c00d0]" name="clickfreelisting" class="testCases.TC003_FreeListing"/>
        <method signature="TC003_FreeListing.freeListingLogin()[pri:7, instance:testCases.TC004_GymCategory@4d1c00d0]" name="freeListingLogin" class="testCases.TC003_FreeListing"/>
        <method signature="TC004_GymCategory.clickGym()[pri:8, instance:testCases.TC004_GymCategory@4d1c00d0]" name="clickGym" class="testCases.TC004_GymCategory"/>
        <method signature="TC004_GymCategory.displayCategories()[pri:9, instance:testCases.TC004_GymCategory@4d1c00d0]" name="displayCategories" class="testCases.TC004_GymCategory"/>
      </group> <!-- master -->
    </groups>
    <test started-at="2024-02-15T10:48:48 IST" name="test1" finished-at="2024-02-15T10:51:23 IST" duration-ms="154850">
      <class name="testCases.TC004_GymCategory">
        <test-method is-config="true" signature="setup(java.lang.String,java.lang.String)[pri:0, instance:testCases.TC004_GymCategory@776aec5c]" started-at="2024-02-15T10:48:49 IST" name="setup" finished-at="2024-02-15T10:49:01 IST" duration-ms="11644" status="PASS">
          <params>
            <param index="0">
              <value>
                <![CDATA[windows]]>
              </value>
            </param>
            <param index="1">
              <value>
                <![CDATA[chrome]]>
              </value>
            </param>
          </params>
          <reporter-output>
          </reporter-output>
        </test-method> <!-- setup -->
        <test-method signature="locationCountry()[pri:1, instance:testCases.TC004_GymCategory@776aec5c]" started-at="2024-02-15T10:49:01 IST" name="locationCountry" finished-at="2024-02-15T10:49:16 IST" duration-ms="15154" status="PASS">
          <reporter-output>
          </reporter-output>
        </test-method> <!-- locationCountry -->
        <test-method signature="locationCity()[pri:2, instance:testCases.TC004_GymCategory@776aec5c]" started-at="2024-02-15T10:49:17 IST" name="locationCity" finished-at="2024-02-15T10:49:34 IST" duration-ms="16597" status="PASS">
          <reporter-output>
          </reporter-output>
        </test-method> <!-- locationCity -->
        <test-method signature="searchCarWash()[pri:3, instance:testCases.TC004_GymCategory@776aec5c]" started-at="2024-02-15T10:49:35 IST" name="searchCarWash" finished-at="2024-02-15T10:49:53 IST" duration-ms="18546" status="PASS">
          <reporter-output>
          </reporter-output>
        </test-method> <!-- searchCarWash -->
        <test-method signature="carWashDetails()[pri:4, instance:testCases.TC004_GymCategory@776aec5c]" started-at="2024-02-15T10:49:53 IST" name="carWashDetails" finished-at="2024-02-15T10:50:13 IST" duration-ms="19941" status="PASS">
          <reporter-output>
          </reporter-output>
        </test-method> <!-- carWashDetails -->
        <test-method signature="shareDetails()[pri:5, instance:testCases.TC004_GymCategory@776aec5c]" started-at="2024-02-15T10:50:14 IST" name="shareDetails" finished-at="2024-02-15T10:51:06 IST" duration-ms="52274" status="PASS">
          <reporter-output>
          </reporter-output>
        </test-method> <!-- shareDetails -->
        <test-method signature="clickfreelisting()[pri:6, instance:testCases.TC004_GymCategory@776aec5c]" started-at="2024-02-15T10:51:07 IST" name="clickfreelisting" finished-at="2024-02-15T10:51:09 IST" duration-ms="2612" status="PASS">
          <reporter-output>
          </reporter-output>
        </test-method> <!-- clickfreelisting -->
        <test-method signature="freeListingLogin()[pri:7, instance:testCases.TC004_GymCategory@776aec5c]" started-at="2024-02-15T10:51:10 IST" name="freeListingLogin" finished-at="2024-02-15T10:51:15 IST" duration-ms="5252" status="PASS">
          <reporter-output>
          </reporter-output>
        </test-method> <!-- freeListingLogin -->
        <test-method signature="clickGym()[pri:8, instance:testCases.TC004_GymCategory@776aec5c]" started-at="2024-02-15T10:51:15 IST" name="clickGym" finished-at="2024-02-15T10:51:16 IST" duration-ms="1160" status="PASS">
          <reporter-output>
          </reporter-output>
        </test-method> <!-- clickGym -->
        <test-method signature="displayCategories()[pri:9, instance:testCases.TC004_GymCategory@776aec5c]" started-at="2024-02-15T10:51:16 IST" name="displayCategories" finished-at="2024-02-15T10:51:22 IST" duration-ms="5305" status="PASS">
          <reporter-output>
          </reporter-output>
        </test-method> <!-- displayCategories -->
        <test-method is-config="true" signature="tearDown()[pri:0, instance:testCases.TC004_GymCategory@776aec5c]" started-at="2024-02-15T10:51:22 IST" name="tearDown" finished-at="2024-02-15T10:51:23 IST" duration-ms="1182" status="PASS">
          <reporter-output>
          </reporter-output>
        </test-method> <!-- tearDown -->
      </class> <!-- testCases.TC004_GymCategory -->
    </test> <!-- test1 -->
    <test started-at="2024-02-15T10:51:24 IST" name="test2" finished-at="2024-02-15T10:53:44 IST" duration-ms="139740">
      <class name="testCases.TC004_GymCategory">
        <test-method is-config="true" signature="setup(java.lang.String,java.lang.String)[pri:0, instance:testCases.TC004_GymCategory@4d1c00d0]" started-at="2024-02-15T10:51:24 IST" name="setup" finished-at="2024-02-15T10:51:34 IST" duration-ms="10144" status="PASS">
          <params>
            <param index="0">
              <value>
                <![CDATA[windows]]>
              </value>
            </param>
            <param index="1">
              <value>
                <![CDATA[edge]]>
              </value>
            </param>
          </params>
          <reporter-output>
          </reporter-output>
        </test-method> <!-- setup -->
        <test-method signature="locationCountry()[pri:1, instance:testCases.TC004_GymCategory@4d1c00d0]" started-at="2024-02-15T10:51:34 IST" name="locationCountry" finished-at="2024-02-15T10:51:49 IST" duration-ms="14541" status="PASS">
          <reporter-output>
          </reporter-output>
        </test-method> <!-- locationCountry -->
        <test-method signature="locationCity()[pri:2, instance:testCases.TC004_GymCategory@4d1c00d0]" started-at="2024-02-15T10:51:50 IST" name="locationCity" finished-at="2024-02-15T10:52:07 IST" duration-ms="16583" status="PASS">
          <reporter-output>
          </reporter-output>
        </test-method> <!-- locationCity -->
        <test-method signature="searchCarWash()[pri:3, instance:testCases.TC004_GymCategory@4d1c00d0]" started-at="2024-02-15T10:52:07 IST" name="searchCarWash" finished-at="2024-02-15T10:52:26 IST" duration-ms="18634" status="PASS">
          <reporter-output>
          </reporter-output>
        </test-method> <!-- searchCarWash -->
        <test-method signature="carWashDetails()[pri:4, instance:testCases.TC004_GymCategory@4d1c00d0]" started-at="2024-02-15T10:52:26 IST" name="carWashDetails" finished-at="2024-02-15T10:52:44 IST" duration-ms="18149" status="PASS">
          <reporter-output>
          </reporter-output>
        </test-method> <!-- carWashDetails -->
        <test-method signature="shareDetails()[pri:5, instance:testCases.TC004_GymCategory@4d1c00d0]" started-at="2024-02-15T10:52:45 IST" name="shareDetails" finished-at="2024-02-15T10:53:26 IST" duration-ms="41099" status="PASS">
          <reporter-output>
          </reporter-output>
        </test-method> <!-- shareDetails -->
        <test-method signature="clickfreelisting()[pri:6, instance:testCases.TC004_GymCategory@4d1c00d0]" started-at="2024-02-15T10:53:27 IST" name="clickfreelisting" finished-at="2024-02-15T10:53:29 IST" duration-ms="2085" status="PASS">
          <reporter-output>
          </reporter-output>
        </test-method> <!-- clickfreelisting -->
        <test-method signature="freeListingLogin()[pri:7, instance:testCases.TC004_GymCategory@4d1c00d0]" started-at="2024-02-15T10:53:29 IST" name="freeListingLogin" finished-at="2024-02-15T10:53:35 IST" duration-ms="5966" status="PASS">
          <reporter-output>
          </reporter-output>
        </test-method> <!-- freeListingLogin -->
        <test-method signature="clickGym()[pri:8, instance:testCases.TC004_GymCategory@4d1c00d0]" started-at="2024-02-15T10:53:35 IST" name="clickGym" finished-at="2024-02-15T10:53:37 IST" duration-ms="1454" status="PASS">
          <reporter-output>
          </reporter-output>
        </test-method> <!-- clickGym -->
        <test-method signature="displayCategories()[pri:9, instance:testCases.TC004_GymCategory@4d1c00d0]" started-at="2024-02-15T10:53:37 IST" name="displayCategories" finished-at="2024-02-15T10:53:42 IST" duration-ms="5343" status="PASS">
          <reporter-output>
          </reporter-output>
        </test-method> <!-- displayCategories -->
        <test-method is-config="true" signature="tearDown()[pri:0, instance:testCases.TC004_GymCategory@4d1c00d0]" started-at="2024-02-15T10:53:42 IST" name="tearDown" finished-at="2024-02-15T10:53:44 IST" duration-ms="1314" status="PASS">
          <reporter-output>
          </reporter-output>
        </test-method> <!-- tearDown -->
      </class> <!-- testCases.TC004_GymCategory -->
    </test> <!-- test2 -->
  </suite> <!-- Suite -->
</testng-results>
