<?xml version="1.0" encoding="UTF-8"?>
<testng-results ignored="0" total="9" passed="9" failed="0" skipped="0">
  <reporter-output>
  </reporter-output>
  <suite started-at="2024-02-08T10:15:43 IST" name="Suite" finished-at="2024-02-08T10:18:32 IST" duration-ms="168781">
    <groups>
      <group name="regression">
        <method signature="TC002_SearchandFind.searchCarWash()[pri:3, instance:testCases.TC004_GymCategory@776aec5c]" name="searchCarWash" class="testCases.TC002_SearchandFind"/>
        <method signature="TC002_SearchandFind.carWashDetails()[pri:4, instance:testCases.TC004_GymCategory@776aec5c]" name="carWashDetails" class="testCases.TC002_SearchandFind"/>
        <method signature="TC002_SearchandFind.shareDetails()[pri:5, instance:testCases.TC004_GymCategory@776aec5c]" name="shareDetails" class="testCases.TC002_SearchandFind"/>
        <method signature="TC003_FreeListing.clickfreelisting()[pri:6, instance:testCases.TC004_GymCategory@776aec5c]" name="clickfreelisting" class="testCases.TC003_FreeListing"/>
        <method signature="TC003_FreeListing.freeListingLogin()[pri:7, instance:testCases.TC004_GymCategory@776aec5c]" name="freeListingLogin" class="testCases.TC003_FreeListing"/>
        <method signature="TC004_GymCategory.clickGym()[pri:8, instance:testCases.TC004_GymCategory@776aec5c]" name="clickGym" class="testCases.TC004_GymCategory"/>
        <method signature="TC004_GymCategory.displayCategories()[pri:9, instance:testCases.TC004_GymCategory@776aec5c]" name="displayCategories" class="testCases.TC004_GymCategory"/>
      </group> <!-- regression -->
      <group name="sanity">
        <method signature="TC001_Location.locationCountry()[pri:1, instance:testCases.TC004_GymCategory@776aec5c]" name="locationCountry" class="testCases.TC001_Location"/>
        <method signature="TC001_Location.locationCity()[pri:2, instance:testCases.TC004_GymCategory@776aec5c]" name="locationCity" class="testCases.TC001_Location"/>
      </group> <!-- sanity -->
      <group name="master">
        <method signature="TC001_Location.locationCountry()[pri:1, instance:testCases.TC004_GymCategory@776aec5c]" name="locationCountry" class="testCases.TC001_Location"/>
        <method signature="TC001_Location.locationCity()[pri:2, instance:testCases.TC004_GymCategory@776aec5c]" name="locationCity" class="testCases.TC001_Location"/>
        <method signature="TC002_SearchandFind.searchCarWash()[pri:3, instance:testCases.TC004_GymCategory@776aec5c]" name="searchCarWash" class="testCases.TC002_SearchandFind"/>
        <method signature="TC002_SearchandFind.carWashDetails()[pri:4, instance:testCases.TC004_GymCategory@776aec5c]" name="carWashDetails" class="testCases.TC002_SearchandFind"/>
        <method signature="TC002_SearchandFind.shareDetails()[pri:5, instance:testCases.TC004_GymCategory@776aec5c]" name="shareDetails" class="testCases.TC002_SearchandFind"/>
        <method signature="TC003_FreeListing.clickfreelisting()[pri:6, instance:testCases.TC004_GymCategory@776aec5c]" name="clickfreelisting" class="testCases.TC003_FreeListing"/>
        <method signature="TC003_FreeListing.freeListingLogin()[pri:7, instance:testCases.TC004_GymCategory@776aec5c]" name="freeListingLogin" class="testCases.TC003_FreeListing"/>
        <method signature="TC004_GymCategory.clickGym()[pri:8, instance:testCases.TC004_GymCategory@776aec5c]" name="clickGym" class="testCases.TC004_GymCategory"/>
        <method signature="TC004_GymCategory.displayCategories()[pri:9, instance:testCases.TC004_GymCategory@776aec5c]" name="displayCategories" class="testCases.TC004_GymCategory"/>
      </group> <!-- master -->
    </groups>
    <test started-at="2024-02-08T10:15:43 IST" name="test" finished-at="2024-02-08T10:18:32 IST" duration-ms="168781">
      <class name="testCases.TC004_GymCategory">
        <test-method is-config="true" signature="setup(java.lang.String,java.lang.String)[pri:0, instance:testCases.TC004_GymCategory@776aec5c]" started-at="2024-02-08T10:15:44 IST" name="setup" finished-at="2024-02-08T10:16:03 IST" duration-ms="18517" status="PASS">
          <params>
            <param index="0">
              <value>
                <![CDATA[windows]]>
              </value>
            </param>
            <param index="1">
              <value>
                <![CDATA[chrome]]>
              </value>
            </param>
          </params>
          <reporter-output>
          </reporter-output>
        </test-method> <!-- setup -->
        <test-method signature="locationCountry()[pri:1, instance:testCases.TC004_GymCategory@776aec5c]" started-at="2024-02-08T10:16:03 IST" name="locationCountry" finished-at="2024-02-08T10:16:19 IST" duration-ms="16261" status="PASS">
          <reporter-output>
          </reporter-output>
        </test-method> <!-- locationCountry -->
        <test-method signature="locationCity()[pri:2, instance:testCases.TC004_GymCategory@776aec5c]" started-at="2024-02-08T10:16:20 IST" name="locationCity" finished-at="2024-02-08T10:16:39 IST" duration-ms="18496" status="PASS">
          <reporter-output>
          </reporter-output>
        </test-method> <!-- locationCity -->
        <test-method signature="searchCarWash()[pri:3, instance:testCases.TC004_GymCategory@776aec5c]" started-at="2024-02-08T10:16:40 IST" name="searchCarWash" finished-at="2024-02-08T10:17:00 IST" duration-ms="19875" status="PASS">
          <reporter-output>
          </reporter-output>
        </test-method> <!-- searchCarWash -->
        <test-method signature="carWashDetails()[pri:4, instance:testCases.TC004_GymCategory@776aec5c]" started-at="2024-02-08T10:17:00 IST" name="carWashDetails" finished-at="2024-02-08T10:17:27 IST" duration-ms="26691" status="PASS">
          <reporter-output>
          </reporter-output>
        </test-method> <!-- carWashDetails -->
        <test-method signature="shareDetails()[pri:5, instance:testCases.TC004_GymCategory@776aec5c]" started-at="2024-02-08T10:17:27 IST" name="shareDetails" finished-at="2024-02-08T10:18:09 IST" duration-ms="41896" status="PASS">
          <reporter-output>
          </reporter-output>
        </test-method> <!-- shareDetails -->
        <test-method signature="clickfreelisting()[pri:6, instance:testCases.TC004_GymCategory@776aec5c]" started-at="2024-02-08T10:18:11 IST" name="clickfreelisting" finished-at="2024-02-08T10:18:16 IST" duration-ms="5133" status="PASS">
          <reporter-output>
          </reporter-output>
        </test-method> <!-- clickfreelisting -->
        <test-method signature="freeListingLogin()[pri:7, instance:testCases.TC004_GymCategory@776aec5c]" started-at="2024-02-08T10:18:17 IST" name="freeListingLogin" finished-at="2024-02-08T10:18:22 IST" duration-ms="5750" status="PASS">
          <reporter-output>
          </reporter-output>
        </test-method> <!-- freeListingLogin -->
        <test-method signature="clickGym()[pri:8, instance:testCases.TC004_GymCategory@776aec5c]" started-at="2024-02-08T10:18:23 IST" name="clickGym" finished-at="2024-02-08T10:18:24 IST" duration-ms="1660" status="PASS">
          <reporter-output>
          </reporter-output>
        </test-method> <!-- clickGym -->
        <test-method signature="displayCategories()[pri:9, instance:testCases.TC004_GymCategory@776aec5c]" started-at="2024-02-08T10:18:25 IST" name="displayCategories" finished-at="2024-02-08T10:18:30 IST" duration-ms="5919" status="PASS">
          <reporter-output>
          </reporter-output>
        </test-method> <!-- displayCategories -->
        <test-method is-config="true" signature="tearDown()[pri:0, instance:testCases.TC004_GymCategory@776aec5c]" started-at="2024-02-08T10:18:31 IST" name="tearDown" finished-at="2024-02-08T10:18:32 IST" duration-ms="1401" status="PASS">
          <reporter-output>
          </reporter-output>
        </test-method> <!-- tearDown -->
      </class> <!-- testCases.TC004_GymCategory -->
    </test> <!-- test -->
  </suite> <!-- Suite -->
</testng-results>
